<?xml version="1.0" encoding="UTF-8"?>
<testng-results skipped="0" failed="1" ignored="0" total="16" passed="15">
  <reporter-output>
  </reporter-output>
  <suite name="Default suite" duration-ms="14359" started-at="2019-02-13T07:31:05Z" finished-at="2019-02-13T07:31:20Z">
    <groups>
    </groups>
    <test name="Default test" duration-ms="14359" started-at="2019-02-13T07:31:05Z" finished-at="2019-02-13T07:31:20Z">
      <class name="freshWorks.AndroidTestNG">
        <test-method status="PASS" signature="beforeMethod()[pri:0, instance:freshWorks.AndroidTestNG@1aeed2f]" name="beforeMethod" is-config="true" duration-ms="35120" started-at="2019-02-13T07:30:30Z" finished-at="2019-02-13T07:31:05Z">
          <reporter-output>
          </reporter-output>
        </test-method> <!-- beforeMethod -->
        <test-method status="PASS" signature="TC001()[pri:1, instance:freshWorks.AndroidTestNG@1aeed2f]" name="TC001" duration-ms="626" started-at="2019-02-13T07:31:05Z" finished-at="2019-02-13T07:31:06Z">
          <reporter-output>
          </reporter-output>
        </test-method> <!-- TC001 -->
        <test-method status="PASS" signature="TC002()[pri:2, instance:freshWorks.AndroidTestNG@1aeed2f]" name="TC002" duration-ms="479" started-at="2019-02-13T07:31:06Z" finished-at="2019-02-13T07:31:06Z">
          <reporter-output>
          </reporter-output>
        </test-method> <!-- TC002 -->
        <test-method status="PASS" signature="TC003()[pri:3, instance:freshWorks.AndroidTestNG@1aeed2f]" name="TC003" duration-ms="242" started-at="2019-02-13T07:31:06Z" finished-at="2019-02-13T07:31:07Z">
          <reporter-output>
          </reporter-output>
        </test-method> <!-- TC003 -->
        <test-method status="PASS" signature="TC004()[pri:4, instance:freshWorks.AndroidTestNG@1aeed2f]" name="TC004" duration-ms="430" started-at="2019-02-13T07:31:07Z" finished-at="2019-02-13T07:31:07Z">
          <reporter-output>
          </reporter-output>
        </test-method> <!-- TC004 -->
        <test-method status="PASS" signature="TC005()[pri:5, instance:freshWorks.AndroidTestNG@1aeed2f]" name="TC005" duration-ms="216" started-at="2019-02-13T07:31:07Z" finished-at="2019-02-13T07:31:07Z">
          <reporter-output>
          </reporter-output>
        </test-method> <!-- TC005 -->
        <test-method status="PASS" signature="TC006()[pri:6, instance:freshWorks.AndroidTestNG@1aeed2f]" name="TC006" duration-ms="232" started-at="2019-02-13T07:31:07Z" finished-at="2019-02-13T07:31:07Z">
          <reporter-output>
          </reporter-output>
        </test-method> <!-- TC006 -->
        <test-method status="PASS" signature="TC007()[pri:7, instance:freshWorks.AndroidTestNG@1aeed2f]" name="TC007" duration-ms="607" started-at="2019-02-13T07:31:07Z" finished-at="2019-02-13T07:31:08Z">
          <reporter-output>
          </reporter-output>
        </test-method> <!-- TC007 -->
        <test-method status="PASS" signature="TC008()[pri:8, instance:freshWorks.AndroidTestNG@1aeed2f]" name="TC008" duration-ms="163" started-at="2019-02-13T07:31:08Z" finished-at="2019-02-13T07:31:08Z">
          <reporter-output>
          </reporter-output>
        </test-method> <!-- TC008 -->
        <test-method status="PASS" signature="TC009()[pri:9, instance:freshWorks.AndroidTestNG@1aeed2f]" name="TC009" duration-ms="4153" started-at="2019-02-13T07:31:08Z" finished-at="2019-02-13T07:31:12Z">
          <reporter-output>
          </reporter-output>
        </test-method> <!-- TC009 -->
        <test-method status="PASS" signature="TC010()[pri:10, instance:freshWorks.AndroidTestNG@1aeed2f]" name="TC010" duration-ms="175" started-at="2019-02-13T07:31:12Z" finished-at="2019-02-13T07:31:13Z">
          <reporter-output>
          </reporter-output>
        </test-method> <!-- TC010 -->
        <test-method status="PASS" signature="TC011()[pri:11, instance:freshWorks.AndroidTestNG@1aeed2f]" name="TC011" duration-ms="192" started-at="2019-02-13T07:31:13Z" finished-at="2019-02-13T07:31:13Z">
          <reporter-output>
          </reporter-output>
        </test-method> <!-- TC011 -->
        <test-method status="PASS" signature="TC012()[pri:12, instance:freshWorks.AndroidTestNG@1aeed2f]" name="TC012" duration-ms="1839" started-at="2019-02-13T07:31:13Z" finished-at="2019-02-13T07:31:15Z">
          <reporter-output>
          </reporter-output>
        </test-method> <!-- TC012 -->
        <test-method status="PASS" signature="TC013()[pri:13, instance:freshWorks.AndroidTestNG@1aeed2f]" name="TC013" duration-ms="2141" started-at="2019-02-13T07:31:15Z" finished-at="2019-02-13T07:31:17Z">
          <reporter-output>
          </reporter-output>
        </test-method> <!-- TC013 -->
        <test-method status="PASS" signature="TC014()[pri:14, instance:freshWorks.AndroidTestNG@1aeed2f]" name="TC014" duration-ms="1800" started-at="2019-02-13T07:31:17Z" finished-at="2019-02-13T07:31:19Z">
          <reporter-output>
          </reporter-output>
        </test-method> <!-- TC014 -->
        <test-method status="FAIL" signature="TC015()[pri:15, instance:freshWorks.AndroidTestNG@1aeed2f]" name="TC015" duration-ms="827" started-at="2019-02-13T07:31:19Z" finished-at="2019-02-13T07:31:19Z">
          <exception class="java.lang.AssertionError">
            <message>
              <![CDATA[expected [snowboarding] but found [snowboards]]]>
            </message>
            <full-stacktrace>
              <![CDATA[java.lang.AssertionError: expected [snowboarding] but found [snowboards]
at org.testng.Assert.fail(Assert.java:96)
at org.testng.Assert.failNotEquals(Assert.java:776)
at org.testng.Assert.assertEqualsImpl(Assert.java:137)
at org.testng.Assert.assertEquals(Assert.java:118)
at org.testng.Assert.assertEquals(Assert.java:453)
at org.testng.Assert.assertEquals(Assert.java:463)
at freshWorks.AndroidTestNG.TC015(AndroidTestNG.java:173)
at sun.reflect.NativeMethodAccessorImpl.invoke0(Native Method)
at sun.reflect.NativeMethodAccessorImpl.invoke(Unknown Source)
at sun.reflect.DelegatingMethodAccessorImpl.invoke(Unknown Source)
at java.lang.reflect.Method.invoke(Unknown Source)
at org.testng.internal.MethodInvocationHelper.invokeMethod(MethodInvocationHelper.java:124)
at org.testng.internal.Invoker.invokeMethod(Invoker.java:580)
at org.testng.internal.Invoker.invokeTestMethod(Invoker.java:716)
at org.testng.internal.Invoker.invokeTestMethods(Invoker.java:988)
at org.testng.internal.TestMethodWorker.invokeTestMethods(TestMethodWorker.java:125)
at org.testng.internal.TestMethodWorker.run(TestMethodWorker.java:109)
at org.testng.TestRunner.privateRun(TestRunner.java:648)
at org.testng.TestRunner.run(TestRunner.java:505)
at org.testng.SuiteRunner.runTest(SuiteRunner.java:455)
at org.testng.SuiteRunner.runSequentially(SuiteRunner.java:450)
at org.testng.SuiteRunner.privateRun(SuiteRunner.java:415)
at org.testng.SuiteRunner.run(SuiteRunner.java:364)
at org.testng.SuiteRunnerWorker.runSuite(SuiteRunnerWorker.java:52)
at org.testng.SuiteRunnerWorker.run(SuiteRunnerWorker.java:84)
at org.testng.TestNG.runSuitesSequentially(TestNG.java:1208)
at org.testng.TestNG.runSuitesLocally(TestNG.java:1137)
at org.testng.TestNG.runSuites(TestNG.java:1049)
at org.testng.TestNG.run(TestNG.java:1017)
at org.testng.remote.AbstractRemoteTestNG.run(AbstractRemoteTestNG.java:114)
at org.testng.remote.RemoteTestNG.initAndRun(RemoteTestNG.java:251)
at org.testng.remote.RemoteTestNG.main(RemoteTestNG.java:77)
]]>
            </full-stacktrace>
          </exception> <!-- java.lang.AssertionError -->
          <reporter-output>
          </reporter-output>
        </test-method> <!-- TC015 -->
        <test-method status="PASS" signature="TC016()[pri:16, instance:freshWorks.AndroidTestNG@1aeed2f]" name="TC016" duration-ms="155" started-at="2019-02-13T07:31:19Z" finished-at="2019-02-13T07:31:20Z">
          <reporter-output>
          </reporter-output>
        </test-method> <!-- TC016 -->
      </class> <!-- freshWorks.AndroidTestNG -->
    </test> <!-- Default test -->
  </suite> <!-- Default suite -->
</testng-results>
